# JRE version: OpenJDK Runtime Environment Temurin-11.0.14.1+1 (11.0.14.1+1) (build 11.0.14.1+1)
# Java VM: OpenJDK 64-Bit Server VM Temurin-11.0.14.1+1 (11.0.14.1+1, mixed mode, tiered, compressed oops, g1 gc, windows-amd64)
Heap:
 garbage-first heap   total 131072K, used 69864K [0x0000000081c00000, 0x0000000100000000)
  region size 1024K, 51 young (52224K), 5 survivors (5120K)
 Metaspace       used 50598K, capacity 52341K, committed 52556K, reserved 1095680K
  class space    used 6659K, capacity 7219K, committed 7244K, reserved 1048576K
GC Heap History (12 events):
Event: 1.842 GC heap before
{Heap before GC invocations=0 (full 0):
 garbage-first heap   total 131072K, used 25600K [0x0000000081c00000, 0x0000000100000000)
  region size 1024K, 24 young (24576K), 0 survivors (0K)
 Metaspace       used 16130K, capacity 16422K, committed 16512K, reserved 1064960K
  class space    used 1780K, capacity 1880K, committed 1920K, reserved 1048576K
}
Event: 1.848 GC heap after
{Heap after GC invocations=1 (full 0):
 garbage-first heap   total 131072K, used 6818K [0x0000000081c00000, 0x0000000100000000)
  region size 1024K, 3 young (3072K), 3 survivors (3072K)
 Metaspace       used 16130K, capacity 16422K, committed 16512K, reserved 1064960K
  class space    used 1780K, capacity 1880K, committed 1920K, reserved 1048576K
}
Event: 2.082 GC heap before
{Heap before GC invocations=1 (full 0):
 garbage-first heap   total 131072K, used 21154K [0x0000000081c00000, 0x0000000100000000)
  region size 1024K, 18 young (18432K), 3 survivors (3072K)
 Metaspace       used 20857K, capacity 21209K, committed 21248K, reserved 1069056K
  class space    used 2161K, capacity 2302K, committed 2304K, reserved 1048576K
}
Event: 2.086 GC heap after
{Heap after GC invocations=2 (full 0):
 garbage-first heap   total 131072K, used 7832K [0x0000000081c00000, 0x0000000100000000)
  region size 1024K, 4 young (4096K), 4 survivors (4096K)
 Metaspace       used 20857K, capacity 21209K, committed 21248K, reserved 1069056K
  class space    used 2161K, capacity 2302K, committed 2304K, reserved 1048576K
}
Event: 2.466 GC heap before
{Heap before GC invocations=3 (full 0):
 garbage-first heap   total 131072K, used 47768K [0x0000000081c00000, 0x0000000100000000)
  region size 1024K, 26 young (26624K), 4 survivors (4096K)
 Metaspace       used 23630K, capacity 24432K, committed 24576K, reserved 1071104K
  class space    used 2505K, capacity 2796K, committed 2816K, reserved 1048576K
}
Event: 2.474 GC heap after
{Heap after GC invocations=4 (full 0):
 garbage-first heap   total 131072K, used 17770K [0x0000000081c00000, 0x0000000100000000)
  region size 1024K, 4 young (4096K), 4 survivors (4096K)
 Metaspace       used 23630K, capacity 24432K, committed 24576K, reserved 1071104K
  class space    used 2505K, capacity 2796K, committed 2816K, reserved 1048576K
}
Event: 13.508 GC heap before
{Heap before GC invocations=4 (full 0):
 garbage-first heap   total 131072K, used 60778K [0x0000000081c00000, 0x0000000100000000)
  region size 1024K, 46 young (47104K), 4 survivors (4096K)
 Metaspace       used 31840K, capacity 33125K, committed 33408K, reserved 1079296K
  class space    used 3425K, capacity 3850K, committed 3968K, reserved 1048576K
}
Event: 13.513 GC heap after
{Heap after GC invocations=5 (full 0):
 garbage-first heap   total 131072K, used 21147K [0x0000000081c00000, 0x0000000100000000)
  region size 1024K, 4 young (4096K), 4 survivors (4096K)
 Metaspace       used 31840K, capacity 33125K, committed 33408K, reserved 1079296K
  class space    used 3425K, capacity 3850K, committed 3968K, reserved 1048576K
}
Event: 22.591 GC heap before
{Heap before GC invocations=5 (full 0):
 garbage-first heap   total 131072K, used 41627K [0x0000000081c00000, 0x0000000100000000)
  region size 1024K, 25 young (25600K), 4 survivors (4096K)
 Metaspace       used 34419K, capacity 35816K, committed 35840K, reserved 1081344K
  class space    used 3716K, capacity 4224K, committed 4224K, reserved 1048576K
}
Event: 22.597 GC heap after
{Heap after GC invocations=6 (full 0):
 garbage-first heap   total 131072K, used 22292K [0x0000000081c00000, 0x0000000100000000)
  region size 1024K, 5 young (5120K), 5 survivors (5120K)
 Metaspace       used 34419K, capacity 35816K, committed 35840K, reserved 1081344K
  class space    used 3716K, capacity 4224K, committed 4224K, reserved 1048576K
}
Event: 31.386 GC heap before
{Heap before GC invocations=7 (full 0):
 garbage-first heap   total 131072K, used 74516K [0x0000000081c00000, 0x0000000100000000)
  region size 1024K, 56 young (57344K), 5 survivors (5120K)
 Metaspace       used 43391K, capacity 44961K, committed 45132K, reserved 1089536K
  class space    used 5351K, capacity 5915K, committed 5964K, reserved 1048576K
}
Event: 31.393 GC heap after
{Heap after GC invocations=8 (full 0):
 garbage-first heap   total 131072K, used 24808K [0x0000000081c00000, 0x0000000100000000)
  region size 1024K, 5 young (5120K), 5 survivors (5120K)
 Metaspace       used 43391K, capacity 44961K, committed 45132K, reserved 1089536K
  class space    used 5351K, capacity 5915K, committed 5964K, reserved 1048576K
}

